2024-05-14 19:01:13,160 [Worker-5: Loading available Gradle versions] INFO  o.e.b.c.i.u.g.PublishedGradleVersions - Gradle version information cache is up-to-date. Trying to read.
2024-05-14 19:38:46,277 [Worker-1: Loading available Gradle versions] INFO  o.e.b.c.i.u.g.PublishedGradleVersions - Gradle version information cache is up-to-date. Trying to read.
2024-05-14 19:39:19,576 [Worker-8: Launching mavenrun-7e0ccbd7-3fb4-4518-9f59-d4c414ea53ee] INFO  o.eclipse.m2e.core.internal.Bundles - getClasspathEntries(Bundle=org.eclipse.m2e.maven.runtime_3.9.600.20231203-1234 [297])
2024-05-14 19:39:19,579 [Worker-8: Launching mavenrun-7e0ccbd7-3fb4-4518-9f59-d4c414ea53ee] INFO  o.eclipse.m2e.core.internal.Bundles - 	Entry: C:\Users\ayush\.p2\pool\plugins\org.eclipse.m2e.maven.runtime_3.9.600.20231203-1234
2024-05-14 19:39:19,579 [Worker-8: Launching mavenrun-7e0ccbd7-3fb4-4518-9f59-d4c414ea53ee] INFO  o.eclipse.m2e.core.internal.Bundles - 	Entry: C:\Users\ayush\.p2\pool\plugins\org.eclipse.m2e.maven.runtime_3.9.600.20231203-1234\jars\aopalliance-1.0.jar
2024-05-14 19:39:19,579 [Worker-8: Launching mavenrun-7e0ccbd7-3fb4-4518-9f59-d4c414ea53ee] INFO  o.eclipse.m2e.core.internal.Bundles - 	Entry: C:\Users\ayush\.p2\pool\plugins\org.eclipse.m2e.maven.runtime_3.9.600.20231203-1234\jars\guice-5.1.0.jar
2024-05-14 19:39:19,580 [Worker-8: Launching mavenrun-7e0ccbd7-3fb4-4518-9f59-d4c414ea53ee] INFO  o.eclipse.m2e.core.internal.Bundles - 	Entry: C:\Users\ayush\.p2\pool\plugins\org.eclipse.m2e.maven.runtime_3.9.600.20231203-1234\jars\httpclient-4.5.14.jar
2024-05-14 19:39:19,580 [Worker-8: Launching mavenrun-7e0ccbd7-3fb4-4518-9f59-d4c414ea53ee] INFO  o.eclipse.m2e.core.internal.Bundles - 	Entry: C:\Users\ayush\.p2\pool\plugins\org.eclipse.m2e.maven.runtime_3.9.600.20231203-1234\jars\httpcore-4.4.16.jar
2024-05-14 19:39:19,580 [Worker-8: Launching mavenrun-7e0ccbd7-3fb4-4518-9f59-d4c414ea53ee] INFO  o.eclipse.m2e.core.internal.Bundles - 	Entry: C:\Users\ayush\.p2\pool\plugins\org.eclipse.m2e.maven.runtime_3.9.600.20231203-1234\jars\jansi-2.4.0.jar
2024-05-14 19:39:19,580 [Worker-8: Launching mavenrun-7e0ccbd7-3fb4-4518-9f59-d4c414ea53ee] INFO  o.eclipse.m2e.core.internal.Bundles - 	Entry: C:\Users\ayush\.p2\pool\plugins\org.eclipse.m2e.maven.runtime_3.9.600.20231203-1234\jars\jcl-over-slf4j-1.7.36.jar
2024-05-14 19:39:19,580 [Worker-8: Launching mavenrun-7e0ccbd7-3fb4-4518-9f59-d4c414ea53ee] INFO  o.eclipse.m2e.core.internal.Bundles - 	Entry: C:\Users\ayush\.p2\pool\plugins\org.eclipse.m2e.maven.runtime_3.9.600.20231203-1234\jars\maven-artifact-3.9.6.jar
2024-05-14 19:39:19,580 [Worker-8: Launching mavenrun-7e0ccbd7-3fb4-4518-9f59-d4c414ea53ee] INFO  o.eclipse.m2e.core.internal.Bundles - 	Entry: C:\Users\ayush\.p2\pool\plugins\org.eclipse.m2e.maven.runtime_3.9.600.20231203-1234\jars\maven-builder-support-3.9.6.jar
2024-05-14 19:39:19,580 [Worker-8: Launching mavenrun-7e0ccbd7-3fb4-4518-9f59-d4c414ea53ee] INFO  o.eclipse.m2e.core.internal.Bundles - 	Entry: C:\Users\ayush\.p2\pool\plugins\org.eclipse.m2e.maven.runtime_3.9.600.20231203-1234\jars\maven-compat-3.9.6.jar
2024-05-14 19:39:19,581 [Worker-8: Launching mavenrun-7e0ccbd7-3fb4-4518-9f59-d4c414ea53ee] INFO  o.eclipse.m2e.core.internal.Bundles - 	Entry: C:\Users\ayush\.p2\pool\plugins\org.eclipse.m2e.maven.runtime_3.9.600.20231203-1234\jars\maven-core-3.9.6.jar
2024-05-14 19:39:19,581 [Worker-8: Launching mavenrun-7e0ccbd7-3fb4-4518-9f59-d4c414ea53ee] INFO  o.eclipse.m2e.core.internal.Bundles - 	Entry: C:\Users\ayush\.p2\pool\plugins\org.eclipse.m2e.maven.runtime_3.9.600.20231203-1234\jars\maven-embedder-3.9.6.jar
2024-05-14 19:39:19,581 [Worker-8: Launching mavenrun-7e0ccbd7-3fb4-4518-9f59-d4c414ea53ee] INFO  o.eclipse.m2e.core.internal.Bundles - 	Entry: C:\Users\ayush\.p2\pool\plugins\org.eclipse.m2e.maven.runtime_3.9.600.20231203-1234\jars\maven-model-3.9.6.jar
2024-05-14 19:39:19,581 [Worker-8: Launching mavenrun-7e0ccbd7-3fb4-4518-9f59-d4c414ea53ee] INFO  o.eclipse.m2e.core.internal.Bundles - 	Entry: C:\Users\ayush\.p2\pool\plugins\org.eclipse.m2e.maven.runtime_3.9.600.20231203-1234\jars\maven-model-builder-3.9.6.jar
2024-05-14 19:39:19,581 [Worker-8: Launching mavenrun-7e0ccbd7-3fb4-4518-9f59-d4c414ea53ee] INFO  o.eclipse.m2e.core.internal.Bundles - 	Entry: C:\Users\ayush\.p2\pool\plugins\org.eclipse.m2e.maven.runtime_3.9.600.20231203-1234\jars\maven-plugin-api-3.9.6.jar
2024-05-14 19:39:19,581 [Worker-8: Launching mavenrun-7e0ccbd7-3fb4-4518-9f59-d4c414ea53ee] INFO  o.eclipse.m2e.core.internal.Bundles - 	Entry: C:\Users\ayush\.p2\pool\plugins\org.eclipse.m2e.maven.runtime_3.9.600.20231203-1234\jars\maven-repository-metadata-3.9.6.jar
2024-05-14 19:39:19,581 [Worker-8: Launching mavenrun-7e0ccbd7-3fb4-4518-9f59-d4c414ea53ee] INFO  o.eclipse.m2e.core.internal.Bundles - 	Entry: C:\Users\ayush\.p2\pool\plugins\org.eclipse.m2e.maven.runtime_3.9.600.20231203-1234\jars\maven-resolver-api-1.9.18.jar
2024-05-14 19:39:19,582 [Worker-8: Launching mavenrun-7e0ccbd7-3fb4-4518-9f59-d4c414ea53ee] INFO  o.eclipse.m2e.core.internal.Bundles - 	Entry: C:\Users\ayush\.p2\pool\plugins\org.eclipse.m2e.maven.runtime_3.9.600.20231203-1234\jars\maven-resolver-connector-basic-1.9.18.jar
2024-05-14 19:39:19,582 [Worker-8: Launching mavenrun-7e0ccbd7-3fb4-4518-9f59-d4c414ea53ee] INFO  o.eclipse.m2e.core.internal.Bundles - 	Entry: C:\Users\ayush\.p2\pool\plugins\org.eclipse.m2e.maven.runtime_3.9.600.20231203-1234\jars\maven-resolver-impl-1.9.18.jar
2024-05-14 19:39:19,582 [Worker-8: Launching mavenrun-7e0ccbd7-3fb4-4518-9f59-d4c414ea53ee] INFO  o.eclipse.m2e.core.internal.Bundles - 	Entry: C:\Users\ayush\.p2\pool\plugins\org.eclipse.m2e.maven.runtime_3.9.600.20231203-1234\jars\maven-resolver-named-locks-1.9.18.jar
2024-05-14 19:39:19,582 [Worker-8: Launching mavenrun-7e0ccbd7-3fb4-4518-9f59-d4c414ea53ee] INFO  o.eclipse.m2e.core.internal.Bundles - 	Entry: C:\Users\ayush\.p2\pool\plugins\org.eclipse.m2e.maven.runtime_3.9.600.20231203-1234\jars\maven-resolver-provider-3.9.6.jar
2024-05-14 19:39:19,582 [Worker-8: Launching mavenrun-7e0ccbd7-3fb4-4518-9f59-d4c414ea53ee] INFO  o.eclipse.m2e.core.internal.Bundles - 	Entry: C:\Users\ayush\.p2\pool\plugins\org.eclipse.m2e.maven.runtime_3.9.600.20231203-1234\jars\maven-resolver-spi-1.9.18.jar
2024-05-14 19:39:19,582 [Worker-8: Launching mavenrun-7e0ccbd7-3fb4-4518-9f59-d4c414ea53ee] INFO  o.eclipse.m2e.core.internal.Bundles - 	Entry: C:\Users\ayush\.p2\pool\plugins\org.eclipse.m2e.maven.runtime_3.9.600.20231203-1234\jars\maven-resolver-transport-file-1.9.18.jar
2024-05-14 19:39:19,582 [Worker-8: Launching mavenrun-7e0ccbd7-3fb4-4518-9f59-d4c414ea53ee] INFO  o.eclipse.m2e.core.internal.Bundles - 	Entry: C:\Users\ayush\.p2\pool\plugins\org.eclipse.m2e.maven.runtime_3.9.600.20231203-1234\jars\maven-resolver-transport-http-1.9.18.jar
2024-05-14 19:39:19,583 [Worker-8: Launching mavenrun-7e0ccbd7-3fb4-4518-9f59-d4c414ea53ee] INFO  o.eclipse.m2e.core.internal.Bundles - 	Entry: C:\Users\ayush\.p2\pool\plugins\org.eclipse.m2e.maven.runtime_3.9.600.20231203-1234\jars\maven-resolver-transport-wagon-1.9.18.jar
2024-05-14 19:39:19,583 [Worker-8: Launching mavenrun-7e0ccbd7-3fb4-4518-9f59-d4c414ea53ee] INFO  o.eclipse.m2e.core.internal.Bundles - 	Entry: C:\Users\ayush\.p2\pool\plugins\org.eclipse.m2e.maven.runtime_3.9.600.20231203-1234\jars\maven-resolver-util-1.9.18.jar
2024-05-14 19:39:19,583 [Worker-8: Launching mavenrun-7e0ccbd7-3fb4-4518-9f59-d4c414ea53ee] INFO  o.eclipse.m2e.core.internal.Bundles - 	Entry: C:\Users\ayush\.p2\pool\plugins\org.eclipse.m2e.maven.runtime_3.9.600.20231203-1234\jars\maven-settings-3.9.6.jar
2024-05-14 19:39:19,583 [Worker-8: Launching mavenrun-7e0ccbd7-3fb4-4518-9f59-d4c414ea53ee] INFO  o.eclipse.m2e.core.internal.Bundles - 	Entry: C:\Users\ayush\.p2\pool\plugins\org.eclipse.m2e.maven.runtime_3.9.600.20231203-1234\jars\maven-settings-builder-3.9.6.jar
2024-05-14 19:39:19,583 [Worker-8: Launching mavenrun-7e0ccbd7-3fb4-4518-9f59-d4c414ea53ee] INFO  o.eclipse.m2e.core.internal.Bundles - 	Entry: C:\Users\ayush\.p2\pool\plugins\org.eclipse.m2e.maven.runtime_3.9.600.20231203-1234\jars\maven-shared-utils-3.3.4.jar
2024-05-14 19:39:19,583 [Worker-8: Launching mavenrun-7e0ccbd7-3fb4-4518-9f59-d4c414ea53ee] INFO  o.eclipse.m2e.core.internal.Bundles - 	Entry: C:\Users\ayush\.p2\pool\plugins\org.eclipse.m2e.maven.runtime_3.9.600.20231203-1234\jars\org.eclipse.sisu.inject-0.9.0.M2.jar
2024-05-14 19:39:19,583 [Worker-8: Launching mavenrun-7e0ccbd7-3fb4-4518-9f59-d4c414ea53ee] INFO  o.eclipse.m2e.core.internal.Bundles - 	Entry: C:\Users\ayush\.p2\pool\plugins\org.eclipse.m2e.maven.runtime_3.9.600.20231203-1234\jars\org.eclipse.sisu.plexus-0.9.0.M2.jar
2024-05-14 19:39:19,584 [Worker-8: Launching mavenrun-7e0ccbd7-3fb4-4518-9f59-d4c414ea53ee] INFO  o.eclipse.m2e.core.internal.Bundles - 	Entry: C:\Users\ayush\.p2\pool\plugins\org.eclipse.m2e.maven.runtime_3.9.600.20231203-1234\jars\plexus-build-api-0.0.7.jar
2024-05-14 19:39:19,584 [Worker-8: Launching mavenrun-7e0ccbd7-3fb4-4518-9f59-d4c414ea53ee] INFO  o.eclipse.m2e.core.internal.Bundles - 	Entry: C:\Users\ayush\.p2\pool\plugins\org.eclipse.m2e.maven.runtime_3.9.600.20231203-1234\jars\plexus-cipher-2.0.jar
2024-05-14 19:39:19,584 [Worker-8: Launching mavenrun-7e0ccbd7-3fb4-4518-9f59-d4c414ea53ee] INFO  o.eclipse.m2e.core.internal.Bundles - 	Entry: C:\Users\ayush\.p2\pool\plugins\org.eclipse.m2e.maven.runtime_3.9.600.20231203-1234\jars\plexus-classworlds-2.7.0.jar
2024-05-14 19:39:19,584 [Worker-8: Launching mavenrun-7e0ccbd7-3fb4-4518-9f59-d4c414ea53ee] INFO  o.eclipse.m2e.core.internal.Bundles - 	Entry: C:\Users\ayush\.p2\pool\plugins\org.eclipse.m2e.maven.runtime_3.9.600.20231203-1234\jars\plexus-component-annotations-2.1.0.jar
2024-05-14 19:39:19,585 [Worker-8: Launching mavenrun-7e0ccbd7-3fb4-4518-9f59-d4c414ea53ee] INFO  o.eclipse.m2e.core.internal.Bundles - 	Entry: C:\Users\ayush\.p2\pool\plugins\org.eclipse.m2e.maven.runtime_3.9.600.20231203-1234\jars\plexus-interpolation-1.26.jar
2024-05-14 19:39:19,585 [Worker-8: Launching mavenrun-7e0ccbd7-3fb4-4518-9f59-d4c414ea53ee] INFO  o.eclipse.m2e.core.internal.Bundles - 	Entry: C:\Users\ayush\.p2\pool\plugins\org.eclipse.m2e.maven.runtime_3.9.600.20231203-1234\jars\plexus-sec-dispatcher-2.0.jar
2024-05-14 19:39:19,585 [Worker-8: Launching mavenrun-7e0ccbd7-3fb4-4518-9f59-d4c414ea53ee] INFO  o.eclipse.m2e.core.internal.Bundles - 	Entry: C:\Users\ayush\.p2\pool\plugins\org.eclipse.m2e.maven.runtime_3.9.600.20231203-1234\jars\plexus-utils-3.5.1.jar
2024-05-14 19:39:19,585 [Worker-8: Launching mavenrun-7e0ccbd7-3fb4-4518-9f59-d4c414ea53ee] INFO  o.eclipse.m2e.core.internal.Bundles - 	Entry: C:\Users\ayush\.p2\pool\plugins\org.eclipse.m2e.maven.runtime_3.9.600.20231203-1234\jars\wagon-file-3.5.3.jar
2024-05-14 19:39:19,585 [Worker-8: Launching mavenrun-7e0ccbd7-3fb4-4518-9f59-d4c414ea53ee] INFO  o.eclipse.m2e.core.internal.Bundles - 	Entry: C:\Users\ayush\.p2\pool\plugins\org.eclipse.m2e.maven.runtime_3.9.600.20231203-1234\jars\wagon-http-3.5.3.jar
2024-05-14 19:39:19,585 [Worker-8: Launching mavenrun-7e0ccbd7-3fb4-4518-9f59-d4c414ea53ee] INFO  o.eclipse.m2e.core.internal.Bundles - 	Entry: C:\Users\ayush\.p2\pool\plugins\org.eclipse.m2e.maven.runtime_3.9.600.20231203-1234\jars\wagon-http-shared-3.5.3.jar
2024-05-14 19:39:19,585 [Worker-8: Launching mavenrun-7e0ccbd7-3fb4-4518-9f59-d4c414ea53ee] INFO  o.eclipse.m2e.core.internal.Bundles - 	Entry: C:\Users\ayush\.p2\pool\plugins\org.eclipse.m2e.maven.runtime_3.9.600.20231203-1234\jars\wagon-provider-api-3.5.3.jar
2024-05-14 19:39:19,587 [Worker-8: Launching mavenrun-7e0ccbd7-3fb4-4518-9f59-d4c414ea53ee] INFO  o.eclipse.m2e.core.internal.Bundles - getClasspathEntries(Bundle=com.google.guava_33.0.0.jre [10])
2024-05-14 19:39:19,588 [Worker-8: Launching mavenrun-7e0ccbd7-3fb4-4518-9f59-d4c414ea53ee] INFO  o.eclipse.m2e.core.internal.Bundles - 	Entry: C:\Users\ayush\.p2\pool\plugins\com.google.guava_33.0.0.jre.jar
2024-05-14 19:39:19,588 [Worker-8: Launching mavenrun-7e0ccbd7-3fb4-4518-9f59-d4c414ea53ee] INFO  o.eclipse.m2e.core.internal.Bundles - getClasspathEntries(Bundle=slf4j.api_2.0.13 [519])
2024-05-14 19:39:19,588 [Worker-8: Launching mavenrun-7e0ccbd7-3fb4-4518-9f59-d4c414ea53ee] INFO  o.eclipse.m2e.core.internal.Bundles - 	Entry: C:\Users\ayush\.p2\pool\plugins\slf4j.api_2.0.13.jar
2024-05-14 19:39:19,588 [Worker-8: Launching mavenrun-7e0ccbd7-3fb4-4518-9f59-d4c414ea53ee] INFO  o.eclipse.m2e.core.internal.Bundles - getClasspathEntries(Bundle=jakarta.inject.jakarta.inject-api_1.0.5 [22])
2024-05-14 19:39:19,588 [Worker-8: Launching mavenrun-7e0ccbd7-3fb4-4518-9f59-d4c414ea53ee] INFO  o.eclipse.m2e.core.internal.Bundles - 	Entry: C:\Users\ayush\.p2\pool\plugins\jakarta.inject.jakarta.inject-api_1.0.5.jar
2024-05-14 19:39:19,588 [Worker-8: Launching mavenrun-7e0ccbd7-3fb4-4518-9f59-d4c414ea53ee] INFO  o.eclipse.m2e.core.internal.Bundles - getClasspathEntries(Bundle=jakarta.annotation-api_1.3.5 [20])
2024-05-14 19:39:19,589 [Worker-8: Launching mavenrun-7e0ccbd7-3fb4-4518-9f59-d4c414ea53ee] INFO  o.eclipse.m2e.core.internal.Bundles - 	Entry: C:\Users\ayush\.p2\pool\plugins\jakarta.annotation-api_1.3.5.jar
2024-05-14 19:39:19,589 [Worker-8: Launching mavenrun-7e0ccbd7-3fb4-4518-9f59-d4c414ea53ee] INFO  o.eclipse.m2e.core.internal.Bundles - getClasspathEntries(Bundle=org.apache.commons.cli_1.6.0 [46])
2024-05-14 19:39:19,589 [Worker-8: Launching mavenrun-7e0ccbd7-3fb4-4518-9f59-d4c414ea53ee] INFO  o.eclipse.m2e.core.internal.Bundles - 	Entry: C:\Users\ayush\.p2\pool\plugins\org.apache.commons.cli_1.6.0.jar
2024-05-14 19:39:19,589 [Worker-8: Launching mavenrun-7e0ccbd7-3fb4-4518-9f59-d4c414ea53ee] INFO  o.eclipse.m2e.core.internal.Bundles - getClasspathEntries(Bundle=org.apache.commons.commons-codec_1.16.0 [47])
2024-05-14 19:39:19,589 [Worker-8: Launching mavenrun-7e0ccbd7-3fb4-4518-9f59-d4c414ea53ee] INFO  o.eclipse.m2e.core.internal.Bundles - 	Entry: C:\Users\ayush\.p2\pool\plugins\org.apache.commons.commons-codec_1.16.0.jar
2024-05-14 19:39:19,589 [Worker-8: Launching mavenrun-7e0ccbd7-3fb4-4518-9f59-d4c414ea53ee] INFO  o.eclipse.m2e.core.internal.Bundles - getClasspathEntries(Bundle=org.apache.commons.lang3_3.14.0 [53])
2024-05-14 19:39:19,590 [Worker-8: Launching mavenrun-7e0ccbd7-3fb4-4518-9f59-d4c414ea53ee] INFO  o.eclipse.m2e.core.internal.Bundles - 	Entry: C:\Users\ayush\.p2\pool\plugins\org.apache.commons.lang3_3.14.0.jar
2024-05-14 19:39:19,590 [Worker-8: Launching mavenrun-7e0ccbd7-3fb4-4518-9f59-d4c414ea53ee] INFO  o.eclipse.m2e.core.internal.Bundles - getClasspathEntries(Bundle=com.google.guava.failureaccess_1.0.2 [11])
2024-05-14 19:39:19,590 [Worker-8: Launching mavenrun-7e0ccbd7-3fb4-4518-9f59-d4c414ea53ee] INFO  o.eclipse.m2e.core.internal.Bundles - 	Entry: C:\Users\ayush\.p2\pool\plugins\com.google.guava.failureaccess_1.0.2.jar
2024-05-14 19:39:19,599 [Worker-8: Launching mavenrun-7e0ccbd7-3fb4-4518-9f59-d4c414ea53ee] INFO  o.e.m.i.launch.MavenLaunchDelegate - Run build in "C:\Users\ayush\AppData\Local\Temp\m2e-archetypeGenerator13182400602658591366":
2024-05-14 19:39:19,603 [Worker-8: Launching mavenrun-7e0ccbd7-3fb4-4518-9f59-d4c414ea53ee] INFO  o.e.m.i.launch.MavenLaunchDelegate -  mvn  -DarchetypeGroupId=org.apache.maven.archetypes -DarchetypeArtifactId=maven-archetype-quickstart -DarchetypeVersion=1.1 -DgroupId=Aniket -DartifactId=Entry -Dversion=0.0.1-SNAPSHOT -Dpackage=Aniket.Entry -DoutputDirectory=C:\Users\ayush\Desktop\FinalYearProject\SmartParkingSystem -Dstyle.color=always -U archetype:generate
2024-05-14 19:40:02,693 [Worker-23: Creating maven-archetype-quickstart] INFO  o.e.m.c.i.p.ProjectConfigurationManager - Collecting project info '/pom.xml' C:\Users\ayush\Desktop\FinalYearProject\SmartParkingSystem\Entry\pom.xml
2024-05-14 19:40:03,277 [Worker-23: Creating maven-archetype-quickstart] INFO  o.e.m.c.i.l.LifecycleMappingFactory - Using org.eclipse.m2e.jdt.JarLifecycleMapping lifecycle mapping for MavenProject: Aniket:Entry:0.0.1-SNAPSHOT @ C:\Users\ayush\Desktop\FinalYearProject\SmartParkingSystem\Entry\pom.xml.
2024-05-14 19:40:03,790 [Worker-23: Creating maven-archetype-quickstart] INFO  o.e.m.j.i.AbstractJavaProjectConfigurator - Adding source folder /Entry/src/main/java
2024-05-14 19:40:03,791 [Worker-23: Creating maven-archetype-quickstart] INFO  o.e.m.j.i.AbstractJavaProjectConfigurator - Adding resource folder /Entry/src/main/resources
2024-05-14 19:40:03,796 [Worker-23: Creating maven-archetype-quickstart] INFO  o.e.m.j.i.AbstractJavaProjectConfigurator - Adding source folder /Entry/src/test/java
2024-05-14 19:40:03,797 [Worker-23: Creating maven-archetype-quickstart] INFO  o.e.m.j.i.AbstractJavaProjectConfigurator - Adding resource folder /Entry/src/test/resources
2024-05-14 19:40:03,911 [Worker-23: Creating maven-archetype-quickstart] INFO  o.e.m.c.i.p.ProjectConfigurationManager - Imported and configured 1 project(s) in 1 sec
2024-05-14 19:40:04,627 [Worker-19: Building] INFO  o.a.m.s.f.DefaultMavenResourcesFiltering - skip non existing resourceDirectory C:\Users\ayush\Desktop\FinalYearProject\SmartParkingSystem\Entry\src\main\resources
2024-05-14 19:40:04,631 [Worker-19: Building] INFO  o.a.m.s.f.DefaultMavenResourcesFiltering - skip non existing resourceDirectory C:\Users\ayush\Desktop\FinalYearProject\SmartParkingSystem\Entry\src\test\resources
2024-05-14 19:43:11,722 [Worker-16: Launching Executing install in C__Users_ayush_Desktop_FinalYearProject_SmartParkingSystem_Entry] INFO  o.eclipse.m2e.core.internal.Bundles - getClasspathEntries(Bundle=org.eclipse.m2e.maven.runtime_3.9.600.20231203-1234 [297])
2024-05-14 19:43:14,251 [Worker-16: Launching Executing install in C__Users_ayush_Desktop_FinalYearProject_SmartParkingSystem_Entry] INFO  o.eclipse.m2e.core.internal.Bundles - 	Entry: C:\Users\ayush\.p2\pool\plugins\org.eclipse.m2e.maven.runtime_3.9.600.20231203-1234
2024-05-14 19:43:14,251 [Worker-16: Launching Executing install in C__Users_ayush_Desktop_FinalYearProject_SmartParkingSystem_Entry] INFO  o.eclipse.m2e.core.internal.Bundles - 	Entry: C:\Users\ayush\.p2\pool\plugins\org.eclipse.m2e.maven.runtime_3.9.600.20231203-1234\jars\aopalliance-1.0.jar
2024-05-14 19:43:14,277 [Worker-16: Launching Executing install in C__Users_ayush_Desktop_FinalYearProject_SmartParkingSystem_Entry] INFO  o.eclipse.m2e.core.internal.Bundles - 	Entry: C:\Users\ayush\.p2\pool\plugins\org.eclipse.m2e.maven.runtime_3.9.600.20231203-1234\jars\guice-5.1.0.jar
2024-05-14 19:43:14,426 [Worker-16: Launching Executing install in C__Users_ayush_Desktop_FinalYearProject_SmartParkingSystem_Entry] INFO  o.eclipse.m2e.core.internal.Bundles - 	Entry: C:\Users\ayush\.p2\pool\plugins\org.eclipse.m2e.maven.runtime_3.9.600.20231203-1234\jars\httpclient-4.5.14.jar
2024-05-14 19:43:14,470 [Worker-16: Launching Executing install in C__Users_ayush_Desktop_FinalYearProject_SmartParkingSystem_Entry] INFO  o.eclipse.m2e.core.internal.Bundles - 	Entry: C:\Users\ayush\.p2\pool\plugins\org.eclipse.m2e.maven.runtime_3.9.600.20231203-1234\jars\httpcore-4.4.16.jar
2024-05-14 19:43:14,529 [Worker-16: Launching Executing install in C__Users_ayush_Desktop_FinalYearProject_SmartParkingSystem_Entry] INFO  o.eclipse.m2e.core.internal.Bundles - 	Entry: C:\Users\ayush\.p2\pool\plugins\org.eclipse.m2e.maven.runtime_3.9.600.20231203-1234\jars\jansi-2.4.0.jar
2024-05-14 19:43:14,530 [Worker-16: Launching Executing install in C__Users_ayush_Desktop_FinalYearProject_SmartParkingSystem_Entry] INFO  o.eclipse.m2e.core.internal.Bundles - 	Entry: C:\Users\ayush\.p2\pool\plugins\org.eclipse.m2e.maven.runtime_3.9.600.20231203-1234\jars\jcl-over-slf4j-1.7.36.jar
2024-05-14 19:43:14,530 [Worker-16: Launching Executing install in C__Users_ayush_Desktop_FinalYearProject_SmartParkingSystem_Entry] INFO  o.eclipse.m2e.core.internal.Bundles - 	Entry: C:\Users\ayush\.p2\pool\plugins\org.eclipse.m2e.maven.runtime_3.9.600.20231203-1234\jars\maven-artifact-3.9.6.jar
2024-05-14 19:43:14,627 [Worker-16: Launching Executing install in C__Users_ayush_Desktop_FinalYearProject_SmartParkingSystem_Entry] INFO  o.eclipse.m2e.core.internal.Bundles - 	Entry: C:\Users\ayush\.p2\pool\plugins\org.eclipse.m2e.maven.runtime_3.9.600.20231203-1234\jars\maven-builder-support-3.9.6.jar
2024-05-14 19:43:14,627 [Worker-16: Launching Executing install in C__Users_ayush_Desktop_FinalYearProject_SmartParkingSystem_Entry] INFO  o.eclipse.m2e.core.internal.Bundles - 	Entry: C:\Users\ayush\.p2\pool\plugins\org.eclipse.m2e.maven.runtime_3.9.600.20231203-1234\jars\maven-compat-3.9.6.jar
2024-05-14 19:43:14,627 [Worker-16: Launching Executing install in C__Users_ayush_Desktop_FinalYearProject_SmartParkingSystem_Entry] INFO  o.eclipse.m2e.core.internal.Bundles - 	Entry: C:\Users\ayush\.p2\pool\plugins\org.eclipse.m2e.maven.runtime_3.9.600.20231203-1234\jars\maven-core-3.9.6.jar
2024-05-14 19:43:14,628 [Worker-16: Launching Executing install in C__Users_ayush_Desktop_FinalYearProject_SmartParkingSystem_Entry] INFO  o.eclipse.m2e.core.internal.Bundles - 	Entry: C:\Users\ayush\.p2\pool\plugins\org.eclipse.m2e.maven.runtime_3.9.600.20231203-1234\jars\maven-embedder-3.9.6.jar
2024-05-14 19:43:14,628 [Worker-16: Launching Executing install in C__Users_ayush_Desktop_FinalYearProject_SmartParkingSystem_Entry] INFO  o.eclipse.m2e.core.internal.Bundles - 	Entry: C:\Users\ayush\.p2\pool\plugins\org.eclipse.m2e.maven.runtime_3.9.600.20231203-1234\jars\maven-model-3.9.6.jar
2024-05-14 19:43:14,628 [Worker-16: Launching Executing install in C__Users_ayush_Desktop_FinalYearProject_SmartParkingSystem_Entry] INFO  o.eclipse.m2e.core.internal.Bundles - 	Entry: C:\Users\ayush\.p2\pool\plugins\org.eclipse.m2e.maven.runtime_3.9.600.20231203-1234\jars\maven-model-builder-3.9.6.jar
2024-05-14 19:43:14,628 [Worker-16: Launching Executing install in C__Users_ayush_Desktop_FinalYearProject_SmartParkingSystem_Entry] INFO  o.eclipse.m2e.core.internal.Bundles - 	Entry: C:\Users\ayush\.p2\pool\plugins\org.eclipse.m2e.maven.runtime_3.9.600.20231203-1234\jars\maven-plugin-api-3.9.6.jar
2024-05-14 19:43:14,666 [Worker-16: Launching Executing install in C__Users_ayush_Desktop_FinalYearProject_SmartParkingSystem_Entry] INFO  o.eclipse.m2e.core.internal.Bundles - 	Entry: C:\Users\ayush\.p2\pool\plugins\org.eclipse.m2e.maven.runtime_3.9.600.20231203-1234\jars\maven-repository-metadata-3.9.6.jar
2024-05-14 19:43:14,667 [Worker-16: Launching Executing install in C__Users_ayush_Desktop_FinalYearProject_SmartParkingSystem_Entry] INFO  o.eclipse.m2e.core.internal.Bundles - 	Entry: C:\Users\ayush\.p2\pool\plugins\org.eclipse.m2e.maven.runtime_3.9.600.20231203-1234\jars\maven-resolver-api-1.9.18.jar
2024-05-14 19:43:14,667 [Worker-16: Launching Executing install in C__Users_ayush_Desktop_FinalYearProject_SmartParkingSystem_Entry] INFO  o.eclipse.m2e.core.internal.Bundles - 	Entry: C:\Users\ayush\.p2\pool\plugins\org.eclipse.m2e.maven.runtime_3.9.600.20231203-1234\jars\maven-resolver-connector-basic-1.9.18.jar
2024-05-14 19:43:14,668 [Worker-16: Launching Executing install in C__Users_ayush_Desktop_FinalYearProject_SmartParkingSystem_Entry] INFO  o.eclipse.m2e.core.internal.Bundles - 	Entry: C:\Users\ayush\.p2\pool\plugins\org.eclipse.m2e.maven.runtime_3.9.600.20231203-1234\jars\maven-resolver-impl-1.9.18.jar
2024-05-14 19:43:14,760 [Worker-16: Launching Executing install in C__Users_ayush_Desktop_FinalYearProject_SmartParkingSystem_Entry] INFO  o.eclipse.m2e.core.internal.Bundles - 	Entry: C:\Users\ayush\.p2\pool\plugins\org.eclipse.m2e.maven.runtime_3.9.600.20231203-1234\jars\maven-resolver-named-locks-1.9.18.jar
2024-05-14 19:43:14,761 [Worker-16: Launching Executing install in C__Users_ayush_Desktop_FinalYearProject_SmartParkingSystem_Entry] INFO  o.eclipse.m2e.core.internal.Bundles - 	Entry: C:\Users\ayush\.p2\pool\plugins\org.eclipse.m2e.maven.runtime_3.9.600.20231203-1234\jars\maven-resolver-provider-3.9.6.jar
2024-05-14 19:43:14,761 [Worker-16: Launching Executing install in C__Users_ayush_Desktop_FinalYearProject_SmartParkingSystem_Entry] INFO  o.eclipse.m2e.core.internal.Bundles - 	Entry: C:\Users\ayush\.p2\pool\plugins\org.eclipse.m2e.maven.runtime_3.9.600.20231203-1234\jars\maven-resolver-spi-1.9.18.jar
2024-05-14 19:43:14,761 [Worker-16: Launching Executing install in C__Users_ayush_Desktop_FinalYearProject_SmartParkingSystem_Entry] INFO  o.eclipse.m2e.core.internal.Bundles - 	Entry: C:\Users\ayush\.p2\pool\plugins\org.eclipse.m2e.maven.runtime_3.9.600.20231203-1234\jars\maven-resolver-transport-file-1.9.18.jar
2024-05-14 19:43:14,761 [Worker-16: Launching Executing install in C__Users_ayush_Desktop_FinalYearProject_SmartParkingSystem_Entry] INFO  o.eclipse.m2e.core.internal.Bundles - 	Entry: C:\Users\ayush\.p2\pool\plugins\org.eclipse.m2e.maven.runtime_3.9.600.20231203-1234\jars\maven-resolver-transport-http-1.9.18.jar
2024-05-14 19:43:14,762 [Worker-16: Launching Executing install in C__Users_ayush_Desktop_FinalYearProject_SmartParkingSystem_Entry] INFO  o.eclipse.m2e.core.internal.Bundles - 	Entry: C:\Users\ayush\.p2\pool\plugins\org.eclipse.m2e.maven.runtime_3.9.600.20231203-1234\jars\maven-resolver-transport-wagon-1.9.18.jar
2024-05-14 19:43:14,762 [Worker-16: Launching Executing install in C__Users_ayush_Desktop_FinalYearProject_SmartParkingSystem_Entry] INFO  o.eclipse.m2e.core.internal.Bundles - 	Entry: C:\Users\ayush\.p2\pool\plugins\org.eclipse.m2e.maven.runtime_3.9.600.20231203-1234\jars\maven-resolver-util-1.9.18.jar
2024-05-14 19:43:14,793 [Worker-16: Launching Executing install in C__Users_ayush_Desktop_FinalYearProject_SmartParkingSystem_Entry] INFO  o.eclipse.m2e.core.internal.Bundles - 	Entry: C:\Users\ayush\.p2\pool\plugins\org.eclipse.m2e.maven.runtime_3.9.600.20231203-1234\jars\maven-settings-3.9.6.jar
2024-05-14 19:43:14,905 [Worker-16: Launching Executing install in C__Users_ayush_Desktop_FinalYearProject_SmartParkingSystem_Entry] INFO  o.eclipse.m2e.core.internal.Bundles - 	Entry: C:\Users\ayush\.p2\pool\plugins\org.eclipse.m2e.maven.runtime_3.9.600.20231203-1234\jars\maven-settings-builder-3.9.6.jar
2024-05-14 19:43:14,905 [Worker-16: Launching Executing install in C__Users_ayush_Desktop_FinalYearProject_SmartParkingSystem_Entry] INFO  o.eclipse.m2e.core.internal.Bundles - 	Entry: C:\Users\ayush\.p2\pool\plugins\org.eclipse.m2e.maven.runtime_3.9.600.20231203-1234\jars\maven-shared-utils-3.3.4.jar
2024-05-14 19:43:14,906 [Worker-16: Launching Executing install in C__Users_ayush_Desktop_FinalYearProject_SmartParkingSystem_Entry] INFO  o.eclipse.m2e.core.internal.Bundles - 	Entry: C:\Users\ayush\.p2\pool\plugins\org.eclipse.m2e.maven.runtime_3.9.600.20231203-1234\jars\org.eclipse.sisu.inject-0.9.0.M2.jar
2024-05-14 19:43:14,906 [Worker-16: Launching Executing install in C__Users_ayush_Desktop_FinalYearProject_SmartParkingSystem_Entry] INFO  o.eclipse.m2e.core.internal.Bundles - 	Entry: C:\Users\ayush\.p2\pool\plugins\org.eclipse.m2e.maven.runtime_3.9.600.20231203-1234\jars\org.eclipse.sisu.plexus-0.9.0.M2.jar
2024-05-14 19:43:14,906 [Worker-16: Launching Executing install in C__Users_ayush_Desktop_FinalYearProject_SmartParkingSystem_Entry] INFO  o.eclipse.m2e.core.internal.Bundles - 	Entry: C:\Users\ayush\.p2\pool\plugins\org.eclipse.m2e.maven.runtime_3.9.600.20231203-1234\jars\plexus-build-api-0.0.7.jar
2024-05-14 19:43:14,907 [Worker-16: Launching Executing install in C__Users_ayush_Desktop_FinalYearProject_SmartParkingSystem_Entry] INFO  o.eclipse.m2e.core.internal.Bundles - 	Entry: C:\Users\ayush\.p2\pool\plugins\org.eclipse.m2e.maven.runtime_3.9.600.20231203-1234\jars\plexus-cipher-2.0.jar
2024-05-14 19:43:14,907 [Worker-16: Launching Executing install in C__Users_ayush_Desktop_FinalYearProject_SmartParkingSystem_Entry] INFO  o.eclipse.m2e.core.internal.Bundles - 	Entry: C:\Users\ayush\.p2\pool\plugins\org.eclipse.m2e.maven.runtime_3.9.600.20231203-1234\jars\plexus-classworlds-2.7.0.jar
2024-05-14 19:43:14,907 [Worker-16: Launching Executing install in C__Users_ayush_Desktop_FinalYearProject_SmartParkingSystem_Entry] INFO  o.eclipse.m2e.core.internal.Bundles - 	Entry: C:\Users\ayush\.p2\pool\plugins\org.eclipse.m2e.maven.runtime_3.9.600.20231203-1234\jars\plexus-component-annotations-2.1.0.jar
2024-05-14 19:43:14,908 [Worker-16: Launching Executing install in C__Users_ayush_Desktop_FinalYearProject_SmartParkingSystem_Entry] INFO  o.eclipse.m2e.core.internal.Bundles - 	Entry: C:\Users\ayush\.p2\pool\plugins\org.eclipse.m2e.maven.runtime_3.9.600.20231203-1234\jars\plexus-interpolation-1.26.jar
2024-05-14 19:43:14,908 [Worker-16: Launching Executing install in C__Users_ayush_Desktop_FinalYearProject_SmartParkingSystem_Entry] INFO  o.eclipse.m2e.core.internal.Bundles - 	Entry: C:\Users\ayush\.p2\pool\plugins\org.eclipse.m2e.maven.runtime_3.9.600.20231203-1234\jars\plexus-sec-dispatcher-2.0.jar
2024-05-14 19:43:14,908 [Worker-16: Launching Executing install in C__Users_ayush_Desktop_FinalYearProject_SmartParkingSystem_Entry] INFO  o.eclipse.m2e.core.internal.Bundles - 	Entry: C:\Users\ayush\.p2\pool\plugins\org.eclipse.m2e.maven.runtime_3.9.600.20231203-1234\jars\plexus-utils-3.5.1.jar
2024-05-14 19:43:14,908 [Worker-16: Launching Executing install in C__Users_ayush_Desktop_FinalYearProject_SmartParkingSystem_Entry] INFO  o.eclipse.m2e.core.internal.Bundles - 	Entry: C:\Users\ayush\.p2\pool\plugins\org.eclipse.m2e.maven.runtime_3.9.600.20231203-1234\jars\wagon-file-3.5.3.jar
2024-05-14 19:43:14,908 [Worker-16: Launching Executing install in C__Users_ayush_Desktop_FinalYearProject_SmartParkingSystem_Entry] INFO  o.eclipse.m2e.core.internal.Bundles - 	Entry: C:\Users\ayush\.p2\pool\plugins\org.eclipse.m2e.maven.runtime_3.9.600.20231203-1234\jars\wagon-http-3.5.3.jar
2024-05-14 19:43:14,908 [Worker-16: Launching Executing install in C__Users_ayush_Desktop_FinalYearProject_SmartParkingSystem_Entry] INFO  o.eclipse.m2e.core.internal.Bundles - 	Entry: C:\Users\ayush\.p2\pool\plugins\org.eclipse.m2e.maven.runtime_3.9.600.20231203-1234\jars\wagon-http-shared-3.5.3.jar
2024-05-14 19:43:14,908 [Worker-16: Launching Executing install in C__Users_ayush_Desktop_FinalYearProject_SmartParkingSystem_Entry] INFO  o.eclipse.m2e.core.internal.Bundles - 	Entry: C:\Users\ayush\.p2\pool\plugins\org.eclipse.m2e.maven.runtime_3.9.600.20231203-1234\jars\wagon-provider-api-3.5.3.jar
2024-05-14 19:43:14,909 [Worker-16: Launching Executing install in C__Users_ayush_Desktop_FinalYearProject_SmartParkingSystem_Entry] INFO  o.eclipse.m2e.core.internal.Bundles - getClasspathEntries(Bundle=com.google.guava_33.0.0.jre [10])
2024-05-14 19:43:14,909 [Worker-16: Launching Executing install in C__Users_ayush_Desktop_FinalYearProject_SmartParkingSystem_Entry] INFO  o.eclipse.m2e.core.internal.Bundles - 	Entry: C:\Users\ayush\.p2\pool\plugins\com.google.guava_33.0.0.jre.jar
2024-05-14 19:43:14,909 [Worker-16: Launching Executing install in C__Users_ayush_Desktop_FinalYearProject_SmartParkingSystem_Entry] INFO  o.eclipse.m2e.core.internal.Bundles - getClasspathEntries(Bundle=slf4j.api_2.0.13 [519])
2024-05-14 19:43:14,910 [Worker-16: Launching Executing install in C__Users_ayush_Desktop_FinalYearProject_SmartParkingSystem_Entry] INFO  o.eclipse.m2e.core.internal.Bundles - 	Entry: C:\Users\ayush\.p2\pool\plugins\slf4j.api_2.0.13.jar
2024-05-14 19:43:14,910 [Worker-16: Launching Executing install in C__Users_ayush_Desktop_FinalYearProject_SmartParkingSystem_Entry] INFO  o.eclipse.m2e.core.internal.Bundles - getClasspathEntries(Bundle=jakarta.inject.jakarta.inject-api_1.0.5 [22])
2024-05-14 19:43:14,910 [Worker-16: Launching Executing install in C__Users_ayush_Desktop_FinalYearProject_SmartParkingSystem_Entry] INFO  o.eclipse.m2e.core.internal.Bundles - 	Entry: C:\Users\ayush\.p2\pool\plugins\jakarta.inject.jakarta.inject-api_1.0.5.jar
2024-05-14 19:43:14,910 [Worker-16: Launching Executing install in C__Users_ayush_Desktop_FinalYearProject_SmartParkingSystem_Entry] INFO  o.eclipse.m2e.core.internal.Bundles - getClasspathEntries(Bundle=jakarta.annotation-api_1.3.5 [20])
2024-05-14 19:43:14,910 [Worker-16: Launching Executing install in C__Users_ayush_Desktop_FinalYearProject_SmartParkingSystem_Entry] INFO  o.eclipse.m2e.core.internal.Bundles - 	Entry: C:\Users\ayush\.p2\pool\plugins\jakarta.annotation-api_1.3.5.jar
2024-05-14 19:43:14,910 [Worker-16: Launching Executing install in C__Users_ayush_Desktop_FinalYearProject_SmartParkingSystem_Entry] INFO  o.eclipse.m2e.core.internal.Bundles - getClasspathEntries(Bundle=org.apache.commons.cli_1.6.0 [46])
2024-05-14 19:43:14,911 [Worker-16: Launching Executing install in C__Users_ayush_Desktop_FinalYearProject_SmartParkingSystem_Entry] INFO  o.eclipse.m2e.core.internal.Bundles - 	Entry: C:\Users\ayush\.p2\pool\plugins\org.apache.commons.cli_1.6.0.jar
2024-05-14 19:43:14,911 [Worker-16: Launching Executing install in C__Users_ayush_Desktop_FinalYearProject_SmartParkingSystem_Entry] INFO  o.eclipse.m2e.core.internal.Bundles - getClasspathEntries(Bundle=org.apache.commons.commons-codec_1.16.0 [47])
2024-05-14 19:43:14,936 [Worker-16: Launching Executing install in C__Users_ayush_Desktop_FinalYearProject_SmartParkingSystem_Entry] INFO  o.eclipse.m2e.core.internal.Bundles - 	Entry: C:\Users\ayush\.p2\pool\plugins\org.apache.commons.commons-codec_1.16.0.jar
2024-05-14 19:43:14,936 [Worker-16: Launching Executing install in C__Users_ayush_Desktop_FinalYearProject_SmartParkingSystem_Entry] INFO  o.eclipse.m2e.core.internal.Bundles - getClasspathEntries(Bundle=org.apache.commons.lang3_3.14.0 [53])
2024-05-14 19:43:14,963 [Worker-16: Launching Executing install in C__Users_ayush_Desktop_FinalYearProject_SmartParkingSystem_Entry] INFO  o.eclipse.m2e.core.internal.Bundles - 	Entry: C:\Users\ayush\.p2\pool\plugins\org.apache.commons.lang3_3.14.0.jar
2024-05-14 19:43:14,963 [Worker-16: Launching Executing install in C__Users_ayush_Desktop_FinalYearProject_SmartParkingSystem_Entry] INFO  o.eclipse.m2e.core.internal.Bundles - getClasspathEntries(Bundle=com.google.guava.failureaccess_1.0.2 [11])
2024-05-14 19:43:14,964 [Worker-16: Launching Executing install in C__Users_ayush_Desktop_FinalYearProject_SmartParkingSystem_Entry] INFO  o.eclipse.m2e.core.internal.Bundles - 	Entry: C:\Users\ayush\.p2\pool\plugins\com.google.guava.failureaccess_1.0.2.jar
2024-05-14 19:43:15,188 [Worker-16: Launching Executing install in C__Users_ayush_Desktop_FinalYearProject_SmartParkingSystem_Entry] INFO  o.e.m.i.launch.MavenLaunchDelegate - Run build in "C:\Users\ayush\Desktop\FinalYearProject\SmartParkingSystem\Entry":
2024-05-14 19:43:15,189 [Worker-16: Launching Executing install in C__Users_ayush_Desktop_FinalYearProject_SmartParkingSystem_Entry] INFO  o.e.m.i.launch.MavenLaunchDelegate -  mvn  -B -Dstyle.color=always install
2024-05-14 19:44:59,655 [Worker-8: Launching Executing install in C__Users_ayush_Desktop_FinalYearProject_SmartParkingSystem_Entry] INFO  o.eclipse.m2e.core.internal.Bundles - getClasspathEntries(Bundle=org.eclipse.m2e.maven.runtime_3.9.600.20231203-1234 [297])
2024-05-14 19:44:59,656 [Worker-8: Launching Executing install in C__Users_ayush_Desktop_FinalYearProject_SmartParkingSystem_Entry] INFO  o.eclipse.m2e.core.internal.Bundles - 	Entry: C:\Users\ayush\.p2\pool\plugins\org.eclipse.m2e.maven.runtime_3.9.600.20231203-1234
2024-05-14 19:44:59,656 [Worker-8: Launching Executing install in C__Users_ayush_Desktop_FinalYearProject_SmartParkingSystem_Entry] INFO  o.eclipse.m2e.core.internal.Bundles - 	Entry: C:\Users\ayush\.p2\pool\plugins\org.eclipse.m2e.maven.runtime_3.9.600.20231203-1234\jars\aopalliance-1.0.jar
2024-05-14 19:44:59,656 [Worker-8: Launching Executing install in C__Users_ayush_Desktop_FinalYearProject_SmartParkingSystem_Entry] INFO  o.eclipse.m2e.core.internal.Bundles - 	Entry: C:\Users\ayush\.p2\pool\plugins\org.eclipse.m2e.maven.runtime_3.9.600.20231203-1234\jars\guice-5.1.0.jar
2024-05-14 19:44:59,656 [Worker-8: Launching Executing install in C__Users_ayush_Desktop_FinalYearProject_SmartParkingSystem_Entry] INFO  o.eclipse.m2e.core.internal.Bundles - 	Entry: C:\Users\ayush\.p2\pool\plugins\org.eclipse.m2e.maven.runtime_3.9.600.20231203-1234\jars\httpclient-4.5.14.jar
2024-05-14 19:44:59,656 [Worker-8: Launching Executing install in C__Users_ayush_Desktop_FinalYearProject_SmartParkingSystem_Entry] INFO  o.eclipse.m2e.core.internal.Bundles - 	Entry: C:\Users\ayush\.p2\pool\plugins\org.eclipse.m2e.maven.runtime_3.9.600.20231203-1234\jars\httpcore-4.4.16.jar
2024-05-14 19:44:59,656 [Worker-8: Launching Executing install in C__Users_ayush_Desktop_FinalYearProject_SmartParkingSystem_Entry] INFO  o.eclipse.m2e.core.internal.Bundles - 	Entry: C:\Users\ayush\.p2\pool\plugins\org.eclipse.m2e.maven.runtime_3.9.600.20231203-1234\jars\jansi-2.4.0.jar
2024-05-14 19:44:59,657 [Worker-8: Launching Executing install in C__Users_ayush_Desktop_FinalYearProject_SmartParkingSystem_Entry] INFO  o.eclipse.m2e.core.internal.Bundles - 	Entry: C:\Users\ayush\.p2\pool\plugins\org.eclipse.m2e.maven.runtime_3.9.600.20231203-1234\jars\jcl-over-slf4j-1.7.36.jar
2024-05-14 19:44:59,657 [Worker-8: Launching Executing install in C__Users_ayush_Desktop_FinalYearProject_SmartParkingSystem_Entry] INFO  o.eclipse.m2e.core.internal.Bundles - 	Entry: C:\Users\ayush\.p2\pool\plugins\org.eclipse.m2e.maven.runtime_3.9.600.20231203-1234\jars\maven-artifact-3.9.6.jar
2024-05-14 19:44:59,657 [Worker-8: Launching Executing install in C__Users_ayush_Desktop_FinalYearProject_SmartParkingSystem_Entry] INFO  o.eclipse.m2e.core.internal.Bundles - 	Entry: C:\Users\ayush\.p2\pool\plugins\org.eclipse.m2e.maven.runtime_3.9.600.20231203-1234\jars\maven-builder-support-3.9.6.jar
2024-05-14 19:44:59,657 [Worker-8: Launching Executing install in C__Users_ayush_Desktop_FinalYearProject_SmartParkingSystem_Entry] INFO  o.eclipse.m2e.core.internal.Bundles - 	Entry: C:\Users\ayush\.p2\pool\plugins\org.eclipse.m2e.maven.runtime_3.9.600.20231203-1234\jars\maven-compat-3.9.6.jar
2024-05-14 19:44:59,657 [Worker-8: Launching Executing install in C__Users_ayush_Desktop_FinalYearProject_SmartParkingSystem_Entry] INFO  o.eclipse.m2e.core.internal.Bundles - 	Entry: C:\Users\ayush\.p2\pool\plugins\org.eclipse.m2e.maven.runtime_3.9.600.20231203-1234\jars\maven-core-3.9.6.jar
2024-05-14 19:44:59,657 [Worker-8: Launching Executing install in C__Users_ayush_Desktop_FinalYearProject_SmartParkingSystem_Entry] INFO  o.eclipse.m2e.core.internal.Bundles - 	Entry: C:\Users\ayush\.p2\pool\plugins\org.eclipse.m2e.maven.runtime_3.9.600.20231203-1234\jars\maven-embedder-3.9.6.jar
2024-05-14 19:44:59,657 [Worker-8: Launching Executing install in C__Users_ayush_Desktop_FinalYearProject_SmartParkingSystem_Entry] INFO  o.eclipse.m2e.core.internal.Bundles - 	Entry: C:\Users\ayush\.p2\pool\plugins\org.eclipse.m2e.maven.runtime_3.9.600.20231203-1234\jars\maven-model-3.9.6.jar
2024-05-14 19:44:59,657 [Worker-8: Launching Executing install in C__Users_ayush_Desktop_FinalYearProject_SmartParkingSystem_Entry] INFO  o.eclipse.m2e.core.internal.Bundles - 	Entry: C:\Users\ayush\.p2\pool\plugins\org.eclipse.m2e.maven.runtime_3.9.600.20231203-1234\jars\maven-model-builder-3.9.6.jar
2024-05-14 19:44:59,658 [Worker-8: Launching Executing install in C__Users_ayush_Desktop_FinalYearProject_SmartParkingSystem_Entry] INFO  o.eclipse.m2e.core.internal.Bundles - 	Entry: C:\Users\ayush\.p2\pool\plugins\org.eclipse.m2e.maven.runtime_3.9.600.20231203-1234\jars\maven-plugin-api-3.9.6.jar
2024-05-14 19:44:59,658 [Worker-8: Launching Executing install in C__Users_ayush_Desktop_FinalYearProject_SmartParkingSystem_Entry] INFO  o.eclipse.m2e.core.internal.Bundles - 	Entry: C:\Users\ayush\.p2\pool\plugins\org.eclipse.m2e.maven.runtime_3.9.600.20231203-1234\jars\maven-repository-metadata-3.9.6.jar
2024-05-14 19:44:59,658 [Worker-8: Launching Executing install in C__Users_ayush_Desktop_FinalYearProject_SmartParkingSystem_Entry] INFO  o.eclipse.m2e.core.internal.Bundles - 	Entry: C:\Users\ayush\.p2\pool\plugins\org.eclipse.m2e.maven.runtime_3.9.600.20231203-1234\jars\maven-resolver-api-1.9.18.jar
2024-05-14 19:44:59,658 [Worker-8: Launching Executing install in C__Users_ayush_Desktop_FinalYearProject_SmartParkingSystem_Entry] INFO  o.eclipse.m2e.core.internal.Bundles - 	Entry: C:\Users\ayush\.p2\pool\plugins\org.eclipse.m2e.maven.runtime_3.9.600.20231203-1234\jars\maven-resolver-connector-basic-1.9.18.jar
2024-05-14 19:44:59,658 [Worker-8: Launching Executing install in C__Users_ayush_Desktop_FinalYearProject_SmartParkingSystem_Entry] INFO  o.eclipse.m2e.core.internal.Bundles - 	Entry: C:\Users\ayush\.p2\pool\plugins\org.eclipse.m2e.maven.runtime_3.9.600.20231203-1234\jars\maven-resolver-impl-1.9.18.jar
2024-05-14 19:44:59,658 [Worker-8: Launching Executing install in C__Users_ayush_Desktop_FinalYearProject_SmartParkingSystem_Entry] INFO  o.eclipse.m2e.core.internal.Bundles - 	Entry: C:\Users\ayush\.p2\pool\plugins\org.eclipse.m2e.maven.runtime_3.9.600.20231203-1234\jars\maven-resolver-named-locks-1.9.18.jar
2024-05-14 19:44:59,658 [Worker-8: Launching Executing install in C__Users_ayush_Desktop_FinalYearProject_SmartParkingSystem_Entry] INFO  o.eclipse.m2e.core.internal.Bundles - 	Entry: C:\Users\ayush\.p2\pool\plugins\org.eclipse.m2e.maven.runtime_3.9.600.20231203-1234\jars\maven-resolver-provider-3.9.6.jar
2024-05-14 19:44:59,658 [Worker-8: Launching Executing install in C__Users_ayush_Desktop_FinalYearProject_SmartParkingSystem_Entry] INFO  o.eclipse.m2e.core.internal.Bundles - 	Entry: C:\Users\ayush\.p2\pool\plugins\org.eclipse.m2e.maven.runtime_3.9.600.20231203-1234\jars\maven-resolver-spi-1.9.18.jar
2024-05-14 19:44:59,659 [Worker-8: Launching Executing install in C__Users_ayush_Desktop_FinalYearProject_SmartParkingSystem_Entry] INFO  o.eclipse.m2e.core.internal.Bundles - 	Entry: C:\Users\ayush\.p2\pool\plugins\org.eclipse.m2e.maven.runtime_3.9.600.20231203-1234\jars\maven-resolver-transport-file-1.9.18.jar
2024-05-14 19:44:59,659 [Worker-8: Launching Executing install in C__Users_ayush_Desktop_FinalYearProject_SmartParkingSystem_Entry] INFO  o.eclipse.m2e.core.internal.Bundles - 	Entry: C:\Users\ayush\.p2\pool\plugins\org.eclipse.m2e.maven.runtime_3.9.600.20231203-1234\jars\maven-resolver-transport-http-1.9.18.jar
2024-05-14 19:44:59,659 [Worker-8: Launching Executing install in C__Users_ayush_Desktop_FinalYearProject_SmartParkingSystem_Entry] INFO  o.eclipse.m2e.core.internal.Bundles - 	Entry: C:\Users\ayush\.p2\pool\plugins\org.eclipse.m2e.maven.runtime_3.9.600.20231203-1234\jars\maven-resolver-transport-wagon-1.9.18.jar
2024-05-14 19:44:59,659 [Worker-8: Launching Executing install in C__Users_ayush_Desktop_FinalYearProject_SmartParkingSystem_Entry] INFO  o.eclipse.m2e.core.internal.Bundles - 	Entry: C:\Users\ayush\.p2\pool\plugins\org.eclipse.m2e.maven.runtime_3.9.600.20231203-1234\jars\maven-resolver-util-1.9.18.jar
2024-05-14 19:44:59,659 [Worker-8: Launching Executing install in C__Users_ayush_Desktop_FinalYearProject_SmartParkingSystem_Entry] INFO  o.eclipse.m2e.core.internal.Bundles - 	Entry: C:\Users\ayush\.p2\pool\plugins\org.eclipse.m2e.maven.runtime_3.9.600.20231203-1234\jars\maven-settings-3.9.6.jar
2024-05-14 19:44:59,659 [Worker-8: Launching Executing install in C__Users_ayush_Desktop_FinalYearProject_SmartParkingSystem_Entry] INFO  o.eclipse.m2e.core.internal.Bundles - 	Entry: C:\Users\ayush\.p2\pool\plugins\org.eclipse.m2e.maven.runtime_3.9.600.20231203-1234\jars\maven-settings-builder-3.9.6.jar
2024-05-14 19:44:59,659 [Worker-8: Launching Executing install in C__Users_ayush_Desktop_FinalYearProject_SmartParkingSystem_Entry] INFO  o.eclipse.m2e.core.internal.Bundles - 	Entry: C:\Users\ayush\.p2\pool\plugins\org.eclipse.m2e.maven.runtime_3.9.600.20231203-1234\jars\maven-shared-utils-3.3.4.jar
2024-05-14 19:44:59,659 [Worker-8: Launching Executing install in C__Users_ayush_Desktop_FinalYearProject_SmartParkingSystem_Entry] INFO  o.eclipse.m2e.core.internal.Bundles - 	Entry: C:\Users\ayush\.p2\pool\plugins\org.eclipse.m2e.maven.runtime_3.9.600.20231203-1234\jars\org.eclipse.sisu.inject-0.9.0.M2.jar
2024-05-14 19:44:59,659 [Worker-8: Launching Executing install in C__Users_ayush_Desktop_FinalYearProject_SmartParkingSystem_Entry] INFO  o.eclipse.m2e.core.internal.Bundles - 	Entry: C:\Users\ayush\.p2\pool\plugins\org.eclipse.m2e.maven.runtime_3.9.600.20231203-1234\jars\org.eclipse.sisu.plexus-0.9.0.M2.jar
2024-05-14 19:44:59,660 [Worker-8: Launching Executing install in C__Users_ayush_Desktop_FinalYearProject_SmartParkingSystem_Entry] INFO  o.eclipse.m2e.core.internal.Bundles - 	Entry: C:\Users\ayush\.p2\pool\plugins\org.eclipse.m2e.maven.runtime_3.9.600.20231203-1234\jars\plexus-build-api-0.0.7.jar
2024-05-14 19:44:59,660 [Worker-8: Launching Executing install in C__Users_ayush_Desktop_FinalYearProject_SmartParkingSystem_Entry] INFO  o.eclipse.m2e.core.internal.Bundles - 	Entry: C:\Users\ayush\.p2\pool\plugins\org.eclipse.m2e.maven.runtime_3.9.600.20231203-1234\jars\plexus-cipher-2.0.jar
2024-05-14 19:44:59,660 [Worker-8: Launching Executing install in C__Users_ayush_Desktop_FinalYearProject_SmartParkingSystem_Entry] INFO  o.eclipse.m2e.core.internal.Bundles - 	Entry: C:\Users\ayush\.p2\pool\plugins\org.eclipse.m2e.maven.runtime_3.9.600.20231203-1234\jars\plexus-classworlds-2.7.0.jar
2024-05-14 19:44:59,660 [Worker-8: Launching Executing install in C__Users_ayush_Desktop_FinalYearProject_SmartParkingSystem_Entry] INFO  o.eclipse.m2e.core.internal.Bundles - 	Entry: C:\Users\ayush\.p2\pool\plugins\org.eclipse.m2e.maven.runtime_3.9.600.20231203-1234\jars\plexus-component-annotations-2.1.0.jar
2024-05-14 19:44:59,660 [Worker-8: Launching Executing install in C__Users_ayush_Desktop_FinalYearProject_SmartParkingSystem_Entry] INFO  o.eclipse.m2e.core.internal.Bundles - 	Entry: C:\Users\ayush\.p2\pool\plugins\org.eclipse.m2e.maven.runtime_3.9.600.20231203-1234\jars\plexus-interpolation-1.26.jar
2024-05-14 19:44:59,660 [Worker-8: Launching Executing install in C__Users_ayush_Desktop_FinalYearProject_SmartParkingSystem_Entry] INFO  o.eclipse.m2e.core.internal.Bundles - 	Entry: C:\Users\ayush\.p2\pool\plugins\org.eclipse.m2e.maven.runtime_3.9.600.20231203-1234\jars\plexus-sec-dispatcher-2.0.jar
2024-05-14 19:44:59,660 [Worker-8: Launching Executing install in C__Users_ayush_Desktop_FinalYearProject_SmartParkingSystem_Entry] INFO  o.eclipse.m2e.core.internal.Bundles - 	Entry: C:\Users\ayush\.p2\pool\plugins\org.eclipse.m2e.maven.runtime_3.9.600.20231203-1234\jars\plexus-utils-3.5.1.jar
2024-05-14 19:44:59,661 [Worker-8: Launching Executing install in C__Users_ayush_Desktop_FinalYearProject_SmartParkingSystem_Entry] INFO  o.eclipse.m2e.core.internal.Bundles - 	Entry: C:\Users\ayush\.p2\pool\plugins\org.eclipse.m2e.maven.runtime_3.9.600.20231203-1234\jars\wagon-file-3.5.3.jar
2024-05-14 19:44:59,661 [Worker-8: Launching Executing install in C__Users_ayush_Desktop_FinalYearProject_SmartParkingSystem_Entry] INFO  o.eclipse.m2e.core.internal.Bundles - 	Entry: C:\Users\ayush\.p2\pool\plugins\org.eclipse.m2e.maven.runtime_3.9.600.20231203-1234\jars\wagon-http-3.5.3.jar
2024-05-14 19:44:59,661 [Worker-8: Launching Executing install in C__Users_ayush_Desktop_FinalYearProject_SmartParkingSystem_Entry] INFO  o.eclipse.m2e.core.internal.Bundles - 	Entry: C:\Users\ayush\.p2\pool\plugins\org.eclipse.m2e.maven.runtime_3.9.600.20231203-1234\jars\wagon-http-shared-3.5.3.jar
2024-05-14 19:44:59,661 [Worker-8: Launching Executing install in C__Users_ayush_Desktop_FinalYearProject_SmartParkingSystem_Entry] INFO  o.eclipse.m2e.core.internal.Bundles - 	Entry: C:\Users\ayush\.p2\pool\plugins\org.eclipse.m2e.maven.runtime_3.9.600.20231203-1234\jars\wagon-provider-api-3.5.3.jar
2024-05-14 19:44:59,661 [Worker-8: Launching Executing install in C__Users_ayush_Desktop_FinalYearProject_SmartParkingSystem_Entry] INFO  o.eclipse.m2e.core.internal.Bundles - getClasspathEntries(Bundle=com.google.guava_33.0.0.jre [10])
2024-05-14 19:44:59,662 [Worker-8: Launching Executing install in C__Users_ayush_Desktop_FinalYearProject_SmartParkingSystem_Entry] INFO  o.eclipse.m2e.core.internal.Bundles - 	Entry: C:\Users\ayush\.p2\pool\plugins\com.google.guava_33.0.0.jre.jar
2024-05-14 19:44:59,662 [Worker-8: Launching Executing install in C__Users_ayush_Desktop_FinalYearProject_SmartParkingSystem_Entry] INFO  o.eclipse.m2e.core.internal.Bundles - getClasspathEntries(Bundle=slf4j.api_2.0.13 [519])
2024-05-14 19:44:59,662 [Worker-8: Launching Executing install in C__Users_ayush_Desktop_FinalYearProject_SmartParkingSystem_Entry] INFO  o.eclipse.m2e.core.internal.Bundles - 	Entry: C:\Users\ayush\.p2\pool\plugins\slf4j.api_2.0.13.jar
2024-05-14 19:44:59,662 [Worker-8: Launching Executing install in C__Users_ayush_Desktop_FinalYearProject_SmartParkingSystem_Entry] INFO  o.eclipse.m2e.core.internal.Bundles - getClasspathEntries(Bundle=jakarta.inject.jakarta.inject-api_1.0.5 [22])
2024-05-14 19:44:59,662 [Worker-8: Launching Executing install in C__Users_ayush_Desktop_FinalYearProject_SmartParkingSystem_Entry] INFO  o.eclipse.m2e.core.internal.Bundles - 	Entry: C:\Users\ayush\.p2\pool\plugins\jakarta.inject.jakarta.inject-api_1.0.5.jar
2024-05-14 19:44:59,662 [Worker-8: Launching Executing install in C__Users_ayush_Desktop_FinalYearProject_SmartParkingSystem_Entry] INFO  o.eclipse.m2e.core.internal.Bundles - getClasspathEntries(Bundle=jakarta.annotation-api_1.3.5 [20])
2024-05-14 19:44:59,663 [Worker-8: Launching Executing install in C__Users_ayush_Desktop_FinalYearProject_SmartParkingSystem_Entry] INFO  o.eclipse.m2e.core.internal.Bundles - 	Entry: C:\Users\ayush\.p2\pool\plugins\jakarta.annotation-api_1.3.5.jar
2024-05-14 19:44:59,663 [Worker-8: Launching Executing install in C__Users_ayush_Desktop_FinalYearProject_SmartParkingSystem_Entry] INFO  o.eclipse.m2e.core.internal.Bundles - getClasspathEntries(Bundle=org.apache.commons.cli_1.6.0 [46])
2024-05-14 19:44:59,663 [Worker-8: Launching Executing install in C__Users_ayush_Desktop_FinalYearProject_SmartParkingSystem_Entry] INFO  o.eclipse.m2e.core.internal.Bundles - 	Entry: C:\Users\ayush\.p2\pool\plugins\org.apache.commons.cli_1.6.0.jar
2024-05-14 19:44:59,663 [Worker-8: Launching Executing install in C__Users_ayush_Desktop_FinalYearProject_SmartParkingSystem_Entry] INFO  o.eclipse.m2e.core.internal.Bundles - getClasspathEntries(Bundle=org.apache.commons.commons-codec_1.16.0 [47])
2024-05-14 19:44:59,663 [Worker-8: Launching Executing install in C__Users_ayush_Desktop_FinalYearProject_SmartParkingSystem_Entry] INFO  o.eclipse.m2e.core.internal.Bundles - 	Entry: C:\Users\ayush\.p2\pool\plugins\org.apache.commons.commons-codec_1.16.0.jar
2024-05-14 19:44:59,663 [Worker-8: Launching Executing install in C__Users_ayush_Desktop_FinalYearProject_SmartParkingSystem_Entry] INFO  o.eclipse.m2e.core.internal.Bundles - getClasspathEntries(Bundle=org.apache.commons.lang3_3.14.0 [53])
2024-05-14 19:44:59,664 [Worker-8: Launching Executing install in C__Users_ayush_Desktop_FinalYearProject_SmartParkingSystem_Entry] INFO  o.eclipse.m2e.core.internal.Bundles - 	Entry: C:\Users\ayush\.p2\pool\plugins\org.apache.commons.lang3_3.14.0.jar
2024-05-14 19:44:59,664 [Worker-8: Launching Executing install in C__Users_ayush_Desktop_FinalYearProject_SmartParkingSystem_Entry] INFO  o.eclipse.m2e.core.internal.Bundles - getClasspathEntries(Bundle=com.google.guava.failureaccess_1.0.2 [11])
2024-05-14 19:44:59,664 [Worker-8: Launching Executing install in C__Users_ayush_Desktop_FinalYearProject_SmartParkingSystem_Entry] INFO  o.eclipse.m2e.core.internal.Bundles - 	Entry: C:\Users\ayush\.p2\pool\plugins\com.google.guava.failureaccess_1.0.2.jar
2024-05-14 19:44:59,665 [Worker-8: Launching Executing install in C__Users_ayush_Desktop_FinalYearProject_SmartParkingSystem_Entry] INFO  o.e.m.i.launch.MavenLaunchDelegate - Run build in "C:\Users\ayush\Desktop\FinalYearProject\SmartParkingSystem\Entry":
2024-05-14 19:44:59,665 [Worker-8: Launching Executing install in C__Users_ayush_Desktop_FinalYearProject_SmartParkingSystem_Entry] INFO  o.e.m.i.launch.MavenLaunchDelegate -  mvn  -B -Dstyle.color=always install
